''2018-05-29 17:30:02' - INFO - Rs422Func init'
''2018-05-29 17:30:02' - INFO - Rs422Func init'
''2018-05-29 17:30:02' - DEBUG - WaitCarComeTime:60'
''2018-05-29 17:30:02' - DEBUG - WaitCarLeaveTime:180'
''2018-05-29 17:30:02' - DEBUG - AfterCarLeaveTime:5'
''2018-05-29 17:30:02' - INFO - Enter ScanPort'
''2018-05-29 17:30:02' - ERROR - [Errno 2] could not open port /dev/ttyAMA0: [Errno 2] No such file or directory: '/dev/ttyAMA0''
''2018-05-29 17:30:02' - ERROR - [Errno 2] could not open port /dev/ttyUSB0: [Errno 2] No such file or directory: '/dev/ttyUSB0''
''2018-05-29 17:30:21' - INFO - Rs422Func init'
''2018-05-29 17:30:21' - INFO - Rs422Func init'
''2018-05-29 17:30:21' - DEBUG - WaitCarComeTime:60'
''2018-05-29 17:30:21' - DEBUG - WaitCarLeaveTime:180'
''2018-05-29 17:30:21' - DEBUG - AfterCarLeaveTime:5'
''2018-05-29 17:30:21' - INFO - Enter ScanPort'
''2018-05-29 17:30:21' - ERROR - [Errno 2] could not open port /dev/ttyAMA0: [Errno 2] No such file or directory: '/dev/ttyAMA0''
''2018-05-29 17:30:21' - ERROR - [Errno 2] could not open port /dev/ttyUSB0: [Errno 2] No such file or directory: '/dev/ttyUSB0''
''2018-05-29 17:30:24' - DEBUG - 触发Lockcmdexcute'
''2018-05-29 17:30:24' - ERROR - FrontServer-->Lock的控制指令长度不正确'
''2018-05-29 17:34:03' - INFO - Rs422Func init'
''2018-05-29 17:34:03' - INFO - Rs422Func init'
''2018-05-29 17:34:03' - DEBUG - WaitCarComeTime:60'
''2018-05-29 17:34:03' - DEBUG - WaitCarLeaveTime:180'
''2018-05-29 17:34:03' - DEBUG - AfterCarLeaveTime:5'
''2018-05-29 17:34:03' - INFO - Enter ScanPort'
''2018-05-29 17:34:03' - ERROR - [Errno 2] could not open port /dev/ttyAMA0: [Errno 2] No such file or directory: '/dev/ttyAMA0''
''2018-05-29 17:34:03' - ERROR - [Errno 2] could not open port /dev/ttyUSB0: [Errno 2] No such file or directory: '/dev/ttyUSB0''
''2018-05-29 17:36:29' - INFO - Rs422Func init'
''2018-05-29 17:36:29' - INFO - Rs422Func init'
''2018-05-29 17:36:29' - DEBUG - WaitCarComeTime:60'
''2018-05-29 17:36:29' - DEBUG - WaitCarLeaveTime:180'
''2018-05-29 17:36:29' - DEBUG - AfterCarLeaveTime:5'
''2018-05-29 17:36:29' - INFO - Enter ScanPort'
''2018-05-29 17:36:29' - ERROR - [Errno 2] could not open port /dev/ttyAMA0: [Errno 2] No such file or directory: '/dev/ttyAMA0''
''2018-05-29 17:36:29' - ERROR - [Errno 2] could not open port /dev/ttyUSB0: [Errno 2] No such file or directory: '/dev/ttyUSB0''
''2018-05-29 17:36:33' - DEBUG - 触发Lockcmdexcute'
''2018-05-29 17:36:33' - ERROR - FrontServer-->Lock的控制指令长度不正确'
''2018-05-29 17:42:41' - INFO - Rs422Func init'
''2018-05-29 17:42:41' - INFO - Rs422Func init'
''2018-05-29 17:42:41' - DEBUG - WaitCarComeTime:60'
''2018-05-29 17:42:41' - DEBUG - WaitCarLeaveTime:180'
''2018-05-29 17:42:41' - DEBUG - AfterCarLeaveTime:5'
''2018-05-29 17:42:41' - INFO - Enter ScanPort'
''2018-05-29 17:42:41' - ERROR - [Errno 2] could not open port /dev/ttyAMA0: [Errno 2] No such file or directory: '/dev/ttyAMA0''
''2018-05-29 17:42:41' - ERROR - [Errno 2] could not open port /dev/ttyUSB0: [Errno 2] No such file or directory: '/dev/ttyUSB0''
''2018-05-29 17:44:07' - INFO - Rs422Func init'
''2018-05-29 17:44:07' - INFO - Rs422Func init'
''2018-05-29 17:44:07' - DEBUG - WaitCarComeTime:60'
''2018-05-29 17:44:07' - DEBUG - WaitCarLeaveTime:180'
''2018-05-29 17:44:07' - DEBUG - AfterCarLeaveTime:5'
''2018-05-29 17:44:07' - INFO - Enter ScanPort'
''2018-05-29 17:44:07' - ERROR - [Errno 2] could not open port /dev/ttyAMA0: [Errno 2] No such file or directory: '/dev/ttyAMA0''
''2018-05-29 17:44:07' - ERROR - [Errno 2] could not open port /dev/ttyUSB0: [Errno 2] No such file or directory: '/dev/ttyUSB0''
